0 info it worked if it ends with ok
1 verbose cli [ '/Users/jmeas/.nvm/v0.10.38/bin/node',
1 verbose cli   '/Users/jmeas/.nvm/v0.10.38/bin/npm',
1 verbose cli   'run',
1 verbose cli   'work' ]
2 info using npm@1.4.28
3 info using node@v0.10.38
4 verbose run-script [ 'prework', 'work', 'postwork' ]
5 info prework jmeas.com@0.0.1
6 info work jmeas.com@0.0.1
7 verbose unsafe-perm in lifecycle true
8 info jmeas.com@0.0.1 Failed to exec work script
9 error jmeas.com@0.0.1 work: `jekyll serve`
9 error Exit status 1
10 error Failed at the jmeas.com@0.0.1 work script.
10 error This is most likely a problem with the jmeas.com package,
10 error not with npm itself.
10 error Tell the author that this fails on your system:
10 error     jekyll serve
10 error You can get their info via:
10 error     npm owner ls jmeas.com
10 error There is likely additional logging output above.
11 error System Darwin 14.4.0
12 error command "/Users/jmeas/.nvm/v0.10.38/bin/node" "/Users/jmeas/.nvm/v0.10.38/bin/npm" "run" "work"
13 error cwd /Users/jmeas/webdev/jmeas/jmeas.com
14 error node -v v0.10.38
15 error npm -v 1.4.28
16 error code ELIFECYCLE
17 verbose exit [ 1, true ]
